2025-11-13 18:53:16,115 - INFO - Loaded 2 targets from CSV
2025-11-13 18:53:16,121 - INFO - Loaded 23556 student IDs
2025-11-13 18:53:16,123 - INFO - Found 53 matching student ID-email combinations
2025-11-13 18:53:16,123 - INFO - Starting authentication for 53 matches with 100 workers
2025-11-13 18:53:16,123 - INFO - Worker 0: Processing Row 2: Jiajun Zu - Student ID: s115307
2025-11-13 18:53:16,123 - INFO - Worker 1: Processing Row 3: Rumiz Nellasery - Student ID: s85567
2025-11-13 18:53:16,124 - INFO - Worker 2: Processing Row 3: Rumiz Nellasery - Student ID: s76567
2025-11-13 18:53:16,124 - INFO - Worker 3: Processing Row 3: Rumiz Nellasery - Student ID: s75567
2025-11-13 18:53:16,124 - INFO - Worker 4: Processing Row 2: Jiajun Zu - Student ID: s104307
2025-11-13 18:53:16,124 - INFO - Worker 5: Processing Row 3: Rumiz Nellasery - Student ID: s111567
2025-11-13 18:53:16,124 - INFO - Worker 6: Processing Row 3: Rumiz Nellasery - Student ID: s119567
2025-11-13 18:53:16,124 - INFO - Worker 7: Processing Row 3: Rumiz Nellasery - Student ID: s103567
2025-11-13 18:53:16,125 - INFO - Worker 8: Processing Row 2: Jiajun Zu - Student ID: s70307
2025-11-13 18:53:16,125 - INFO - Worker 9: Processing Row 2: Jiajun Zu - Student ID: s77307
2025-11-13 18:53:16,125 - INFO - Worker 10: Processing Row 3: Rumiz Nellasery - Student ID: s64567
2025-11-13 18:53:16,125 - INFO - Worker 11: Processing Row 2: Jiajun Zu - Student ID: s57307
2025-11-13 18:53:16,125 - INFO - Worker 12: Processing Row 3: Rumiz Nellasery - Student ID: s112567
2025-11-13 18:53:16,125 - INFO - Worker 13: Processing Row 2: Jiajun Zu - Student ID: s63307
2025-11-13 18:53:16,126 - INFO - Worker 14: Processing Row 2: Jiajun Zu - Student ID: s96307
2025-11-13 18:53:16,126 - INFO - Worker 15: Processing Row 2: Jiajun Zu - Student ID: s59307
2025-11-13 18:53:16,126 - INFO - Worker 16: Processing Row 3: Rumiz Nellasery - Student ID: s100567
2025-11-13 18:53:16,126 - INFO - Worker 17: Processing Row 3: Rumiz Nellasery - Student ID: s71567
2025-11-13 18:53:16,126 - INFO - Worker 18: Processing Row 3: Rumiz Nellasery - Student ID: s101567
2025-11-13 18:53:16,126 - INFO - Worker 19: Processing Row 2: Jiajun Zu - Student ID: s84307
2025-11-13 18:53:16,126 - INFO - Worker 20: Processing Row 2: Jiajun Zu - Student ID: s117307
2025-11-13 18:53:16,127 - INFO - Worker 21: Processing Row 2: Jiajun Zu - Student ID: s94307
2025-11-13 18:53:16,127 - INFO - Worker 22: Processing Row 3: Rumiz Nellasery - Student ID: s104567
2025-11-13 18:53:16,127 - INFO - Worker 23: Processing Row 3: Rumiz Nellasery - Student ID: s66567
2025-11-13 18:53:16,127 - INFO - Worker 24: Processing Row 2: Jiajun Zu - Student ID: s106307
2025-11-13 18:53:16,127 - INFO - Worker 25: Processing Row 2: Jiajun Zu - Student ID: s108307
2025-11-13 18:53:16,127 - INFO - Worker 26: Processing Row 2: Jiajun Zu - Student ID: s66307
2025-11-13 18:53:16,127 - INFO - Worker 27: Processing Row 3: Rumiz Nellasery - Student ID: s108567
2025-11-13 18:53:16,128 - INFO - Worker 28: Processing Row 2: Jiajun Zu - Student ID: s93307
2025-11-13 18:53:16,128 - INFO - Worker 29: Processing Row 3: Rumiz Nellasery - Student ID: s58567
2025-11-13 18:53:16,128 - INFO - Worker 30: Processing Row 2: Jiajun Zu - Student ID: s87307
2025-11-13 18:53:16,128 - INFO - Worker 31: Processing Row 3: Rumiz Nellasery - Student ID: s102567
2025-11-13 18:53:16,128 - INFO - Worker 32: Processing Row 3: Rumiz Nellasery - Student ID: s57567
2025-11-13 18:53:16,128 - INFO - Worker 33: Processing Row 2: Jiajun Zu - Student ID: s112307
2025-11-13 18:53:16,128 - INFO - Worker 34: Processing Row 2: Jiajun Zu - Student ID: s58307
2025-11-13 18:53:16,129 - INFO - Worker 35: Processing Row 2: Jiajun Zu - Student ID: s101307
2025-11-13 18:53:16,129 - INFO - Worker 36: Processing Row 3: Rumiz Nellasery - Student ID: s118567
2025-11-13 18:53:16,129 - INFO - Worker 37: Processing Row 2: Jiajun Zu - Student ID: s111307
2025-11-13 18:53:16,129 - INFO - Worker 38: Processing Row 2: Jiajun Zu - Student ID: s119307
2025-11-13 18:53:16,129 - INFO - Worker 39: Processing Row 2: Jiajun Zu - Student ID: s105307
2025-11-13 18:53:16,129 - INFO - Worker 40: Processing Row 2: Jiajun Zu - Student ID: s64307
2025-11-13 18:53:16,129 - INFO - Worker 41: Processing Row 3: Rumiz Nellasery - Student ID: s65567
2025-11-13 18:53:16,130 - INFO - Worker 42: Processing Row 2: Jiajun Zu - Student ID: s103307
2025-11-13 18:53:16,130 - INFO - Worker 43: Processing Row 3: Rumiz Nellasery - Student ID: s115567
2025-11-13 18:53:16,130 - INFO - Worker 44: Processing Row 3: Rumiz Nellasery - Student ID: s113567
2025-11-13 18:53:16,130 - INFO - Worker 45: Processing Row 3: Rumiz Nellasery - Student ID: s105567
2025-11-13 18:53:16,130 - INFO - Worker 46: Processing Row 3: Rumiz Nellasery - Student ID: s98567
2025-11-13 18:53:16,130 - INFO - Worker 47: Processing Row 3: Rumiz Nellasery - Student ID: s84567
2025-11-13 18:53:16,131 - INFO - Worker 48: Processing Row 2: Jiajun Zu - Student ID: s89307
2025-11-13 18:53:16,131 - INFO - Worker 49: Processing Row 2: Jiajun Zu - Student ID: s113307
2025-11-13 18:53:16,131 - INFO - Worker 50: Processing Row 3: Rumiz Nellasery - Student ID: s110567
2025-11-13 18:53:16,131 - INFO - Worker 51: Processing Row 2: Jiajun Zu - Student ID: s85307
2025-11-13 18:53:16,131 - INFO - Worker 52: Processing Row 2: Jiajun Zu - Student ID: s118307
2025-11-13 18:53:28,201 - ERROR - Error getting token for s76567: HTTPSConnectionPool(host='auth.apis.classlink.com', port=443): Max retries exceeded with url: /v1/login/v3.0/authenticate (Caused by NameResolutionError("<urllib3.connection.HTTPSConnection object at 0x000001C4B7E63770>: Failed to resolve 'auth.apis.classlink.com' ([Errno 11001] getaddrinfo failed)"))
2025-11-13 18:53:28,201 - ERROR - Error getting token for s115307: HTTPSConnectionPool(host='auth.apis.classlink.com', port=443): Max retries exceeded with url: /v1/login/v3.0/authenticate (Caused by NameResolutionError("<urllib3.connection.HTTPSConnection object at 0x000001C4B7E633E0>: Failed to resolve 'auth.apis.classlink.com' ([Errno 11001] getaddrinfo failed)"))
2025-11-13 18:53:28,201 - ERROR - Error getting token for s85567: HTTPSConnectionPool(host='auth.apis.classlink.com', port=443): Max retries exceeded with url: /v1/login/v3.0/authenticate (Caused by NameResolutionError("<urllib3.connection.HTTPSConnection object at 0x000001C4B7E10590>: Failed to resolve 'auth.apis.classlink.com' ([Errno 11001] getaddrinfo failed)"))
2025-11-13 18:53:28,202 - ERROR - Error getting token for s75567: HTTPSConnectionPool(host='auth.apis.classlink.com', port=443): Max retries exceeded with url: /v1/login/v3.0/authenticate (Caused by NameResolutionError("<urllib3.connection.HTTPSConnection object at 0x000001C4B91E02C0>: Failed to resolve 'auth.apis.classlink.com' ([Errno 11001] getaddrinfo failed)"))
2025-11-13 18:53:28,202 - ERROR - Error getting token for s111567: HTTPSConnectionPool(host='auth.apis.classlink.com', port=443): Max retries exceeded with url: /v1/login/v3.0/authenticate (Caused by NameResolutionError("<urllib3.connection.HTTPSConnection object at 0x000001C4B91E0A10>: Failed to resolve 'auth.apis.classlink.com' ([Errno 11001] getaddrinfo failed)"))
2025-11-13 18:53:28,202 - ERROR - Error getting token for s104307: HTTPSConnectionPool(host='auth.apis.classlink.com', port=443): Max retries exceeded with url: /v1/login/v3.0/authenticate (Caused by NameResolutionError("<urllib3.connection.HTTPSConnection object at 0x000001C4B91E0F20>: Failed to resolve 'auth.apis.classlink.com' ([Errno 11001] getaddrinfo failed)"))
2025-11-13 18:53:28,202 - ERROR - Error getting token for s57307: HTTPSConnectionPool(host='auth.apis.classlink.com', port=443): Max retries exceeded with url: /v1/login/v3.0/authenticate (Caused by NameResolutionError("<urllib3.connection.HTTPSConnection object at 0x000001C4B91E1190>: Failed to resolve 'auth.apis.classlink.com' ([Errno 11001] getaddrinfo failed)"))
2025-11-13 18:53:28,202 - ERROR - Error getting token for s77307: HTTPSConnectionPool(host='auth.apis.classlink.com', port=443): Max retries exceeded with url: /v1/login/v3.0/authenticate (Caused by NameResolutionError("<urllib3.connection.HTTPSConnection object at 0x000001C4B91E13D0>: Failed to resolve 'auth.apis.classlink.com' ([Errno 11001] getaddrinfo failed)"))
2025-11-13 18:53:28,206 - WARNING - Worker 11: Failed to get account claiming token for s57307
2025-11-13 18:53:28,202 - ERROR - Error getting token for s103567: HTTPSConnectionPool(host='auth.apis.classlink.com', port=443): Max retries exceeded with url: /v1/login/v3.0/authenticate (Caused by NameResolutionError("<urllib3.connection.HTTPSConnection object at 0x000001C4B91E17F0>: Failed to resolve 'auth.apis.classlink.com' ([Errno 11001] getaddrinfo failed)"))
2025-11-13 18:53:28,202 - ERROR - Error getting token for s70307: HTTPSConnectionPool(host='auth.apis.classlink.com', port=443): Max retries exceeded with url: /v1/login/v3.0/authenticate (Caused by NameResolutionError("<urllib3.connection.HTTPSConnection object at 0x000001C4B91E1A30>: Failed to resolve 'auth.apis.classlink.com' ([Errno 11001] getaddrinfo failed)"))
2025-11-13 18:53:28,202 - ERROR - Error getting token for s64567: HTTPSConnectionPool(host='auth.apis.classlink.com', port=443): Max retries exceeded with url: /v1/login/v3.0/authenticate (Caused by NameResolutionError("<urllib3.connection.HTTPSConnection object at 0x000001C4B91E24B0>: Failed to resolve 'auth.apis.classlink.com' ([Errno 11001] getaddrinfo failed)"))
2025-11-13 18:53:28,202 - ERROR - Error getting token for s96307: HTTPSConnectionPool(host='auth.apis.classlink.com', port=443): Max retries exceeded with url: /v1/login/v3.0/authenticate (Caused by NameResolutionError("<urllib3.connection.HTTPSConnection object at 0x000001C4B91E26F0>: Failed to resolve 'auth.apis.classlink.com' ([Errno 11001] getaddrinfo failed)"))
2025-11-13 18:53:28,202 - ERROR - Error getting token for s63307: HTTPSConnectionPool(host='auth.apis.classlink.com', port=443): Max retries exceeded with url: /v1/login/v3.0/authenticate (Caused by NameResolutionError("<urllib3.connection.HTTPSConnection object at 0x000001C4B91E2960>: Failed to resolve 'auth.apis.classlink.com' ([Errno 11001] getaddrinfo failed)"))
2025-11-13 18:53:28,202 - ERROR - Error getting token for s112567: HTTPSConnectionPool(host='auth.apis.classlink.com', port=443): Max retries exceeded with url: /v1/login/v3.0/authenticate (Caused by NameResolutionError("<urllib3.connection.HTTPSConnection object at 0x000001C4B91E3200>: Failed to resolve 'auth.apis.classlink.com' ([Errno 11001] getaddrinfo failed)"))
2025-11-13 18:53:28,203 - ERROR - Error getting token for s59307: HTTPSConnectionPool(host='auth.apis.classlink.com', port=443): Max retries exceeded with url: /v1/login/v3.0/authenticate (Caused by NameResolutionError("<urllib3.connection.HTTPSConnection object at 0x000001C4B91E3470>: Failed to resolve 'auth.apis.classlink.com' ([Errno 11001] getaddrinfo failed)"))
2025-11-13 18:53:28,203 - ERROR - Error getting token for s117307: HTTPSConnectionPool(host='auth.apis.classlink.com', port=443): Max retries exceeded with url: /v1/login/v3.0/authenticate (Caused by NameResolutionError("<urllib3.connection.HTTPSConnection object at 0x000001C4B92141A0>: Failed to resolve 'auth.apis.classlink.com' ([Errno 11001] getaddrinfo failed)"))
2025-11-13 18:53:28,203 - ERROR - Error getting token for s101567: HTTPSConnectionPool(host='auth.apis.classlink.com', port=443): Max retries exceeded with url: /v1/login/v3.0/authenticate (Caused by NameResolutionError("<urllib3.connection.HTTPSConnection object at 0x000001C4B92146B0>: Failed to resolve 'auth.apis.classlink.com' ([Errno 11001] getaddrinfo failed)"))
2025-11-13 18:53:28,203 - ERROR - Error getting token for s71567: HTTPSConnectionPool(host='auth.apis.classlink.com', port=443): Max retries exceeded with url: /v1/login/v3.0/authenticate (Caused by NameResolutionError("<urllib3.connection.HTTPSConnection object at 0x000001C4B92148F0>: Failed to resolve 'auth.apis.classlink.com' ([Errno 11001] getaddrinfo failed)"))
2025-11-13 18:53:28,203 - ERROR - Error getting token for s100567: HTTPSConnectionPool(host='auth.apis.classlink.com', port=443): Max retries exceeded with url: /v1/login/v3.0/authenticate (Caused by NameResolutionError("<urllib3.connection.HTTPSConnection object at 0x000001C4B9214CB0>: Failed to resolve 'auth.apis.classlink.com' ([Errno 11001] getaddrinfo failed)"))
2025-11-13 18:53:28,203 - ERROR - Error getting token for s84307: HTTPSConnectionPool(host='auth.apis.classlink.com', port=443): Max retries exceeded with url: /v1/login/v3.0/authenticate (Caused by NameResolutionError("<urllib3.connection.HTTPSConnection object at 0x000001C4B9215040>: Failed to resolve 'auth.apis.classlink.com' ([Errno 11001] getaddrinfo failed)"))
2025-11-13 18:53:28,203 - ERROR - Error getting token for s94307: HTTPSConnectionPool(host='auth.apis.classlink.com', port=443): Max retries exceeded with url: /v1/login/v3.0/authenticate (Caused by NameResolutionError("<urllib3.connection.HTTPSConnection object at 0x000001C4B92152B0>: Failed to resolve 'auth.apis.classlink.com' ([Errno 11001] getaddrinfo failed)"))
2025-11-13 18:53:28,203 - ERROR - Error getting token for s66567: HTTPSConnectionPool(host='auth.apis.classlink.com', port=443): Max retries exceeded with url: /v1/login/v3.0/authenticate (Caused by NameResolutionError("<urllib3.connection.HTTPSConnection object at 0x000001C4B92154F0>: Failed to resolve 'auth.apis.classlink.com' ([Errno 11001] getaddrinfo failed)"))
2025-11-13 18:53:28,203 - ERROR - Error getting token for s104567: HTTPSConnectionPool(host='auth.apis.classlink.com', port=443): Max retries exceeded with url: /v1/login/v3.0/authenticate (Caused by NameResolutionError("<urllib3.connection.HTTPSConnection object at 0x000001C4B9215730>: Failed to resolve 'auth.apis.classlink.com' ([Errno 11001] getaddrinfo failed)"))
2025-11-13 18:53:28,203 - ERROR - Error getting token for s106307: HTTPSConnectionPool(host='auth.apis.classlink.com', port=443): Max retries exceeded with url: /v1/login/v3.0/authenticate (Caused by NameResolutionError("<urllib3.connection.HTTPSConnection object at 0x000001C4B9216210>: Failed to resolve 'auth.apis.classlink.com' ([Errno 11001] getaddrinfo failed)"))
2025-11-13 18:53:28,204 - ERROR - Error getting token for s108307: HTTPSConnectionPool(host='auth.apis.classlink.com', port=443): Max retries exceeded with url: /v1/login/v3.0/authenticate (Caused by NameResolutionError("<urllib3.connection.HTTPSConnection object at 0x000001C4B92165D0>: Failed to resolve 'auth.apis.classlink.com' ([Errno 11001] getaddrinfo failed)"))
2025-11-13 18:53:28,204 - ERROR - Error getting token for s108567: HTTPSConnectionPool(host='auth.apis.classlink.com', port=443): Max retries exceeded with url: /v1/login/v3.0/authenticate (Caused by NameResolutionError("<urllib3.connection.HTTPSConnection object at 0x000001C4B9216FC0>: Failed to resolve 'auth.apis.classlink.com' ([Errno 11001] getaddrinfo failed)"))
2025-11-13 18:53:28,204 - ERROR - Error getting token for s58567: HTTPSConnectionPool(host='auth.apis.classlink.com', port=443): Max retries exceeded with url: /v1/login/v3.0/authenticate (Caused by NameResolutionError("<urllib3.connection.HTTPSConnection object at 0x000001C4B9217230>: Failed to resolve 'auth.apis.classlink.com' ([Errno 11001] getaddrinfo failed)"))
2025-11-13 18:53:28,204 - ERROR - Error getting token for s66307: HTTPSConnectionPool(host='auth.apis.classlink.com', port=443): Max retries exceeded with url: /v1/login/v3.0/authenticate (Caused by NameResolutionError("<urllib3.connection.HTTPSConnection object at 0x000001C4B9217680>: Failed to resolve 'auth.apis.classlink.com' ([Errno 11001] getaddrinfo failed)"))
2025-11-13 18:53:28,204 - ERROR - Error getting token for s87307: HTTPSConnectionPool(host='auth.apis.classlink.com', port=443): Max retries exceeded with url: /v1/login/v3.0/authenticate (Caused by NameResolutionError("<urllib3.connection.HTTPSConnection object at 0x000001C4B9217BC0>: Failed to resolve 'auth.apis.classlink.com' ([Errno 11001] getaddrinfo failed)"))
2025-11-13 18:53:28,204 - ERROR - Error getting token for s102567: HTTPSConnectionPool(host='auth.apis.classlink.com', port=443): Max retries exceeded with url: /v1/login/v3.0/authenticate (Caused by NameResolutionError("<urllib3.connection.HTTPSConnection object at 0x000001C4B923C050>: Failed to resolve 'auth.apis.classlink.com' ([Errno 11001] getaddrinfo failed)"))
2025-11-13 18:53:28,204 - ERROR - Error getting token for s57567: HTTPSConnectionPool(host='auth.apis.classlink.com', port=443): Max retries exceeded with url: /v1/login/v3.0/authenticate (Caused by NameResolutionError("<urllib3.connection.HTTPSConnection object at 0x000001C4B923C320>: Failed to resolve 'auth.apis.classlink.com' ([Errno 11001] getaddrinfo failed)"))
2025-11-13 18:53:28,204 - ERROR - Error getting token for s93307: HTTPSConnectionPool(host='auth.apis.classlink.com', port=443): Max retries exceeded with url: /v1/login/v3.0/authenticate (Caused by NameResolutionError("<urllib3.connection.HTTPSConnection object at 0x000001C4B923C560>: Failed to resolve 'auth.apis.classlink.com' ([Errno 11001] getaddrinfo failed)"))
2025-11-13 18:53:28,204 - ERROR - Error getting token for s58307: HTTPSConnectionPool(host='auth.apis.classlink.com', port=443): Max retries exceeded with url: /v1/login/v3.0/authenticate (Caused by NameResolutionError("<urllib3.connection.HTTPSConnection object at 0x000001C4B923CDA0>: Failed to resolve 'auth.apis.classlink.com' ([Errno 11001] getaddrinfo failed)"))
2025-11-13 18:53:28,205 - ERROR - Error getting token for s112307: HTTPSConnectionPool(host='auth.apis.classlink.com', port=443): Max retries exceeded with url: /v1/login/v3.0/authenticate (Caused by NameResolutionError("<urllib3.connection.HTTPSConnection object at 0x000001C4B923D160>: Failed to resolve 'auth.apis.classlink.com' ([Errno 11001] getaddrinfo failed)"))
2025-11-13 18:53:28,205 - ERROR - Error getting token for s118567: HTTPSConnectionPool(host='auth.apis.classlink.com', port=443): Max retries exceeded with url: /v1/login/v3.0/authenticate (Caused by NameResolutionError("<urllib3.connection.HTTPSConnection object at 0x000001C4B923D9A0>: Failed to resolve 'auth.apis.classlink.com' ([Errno 11001] getaddrinfo failed)"))
2025-11-13 18:53:28,205 - ERROR - Error getting token for s101307: HTTPSConnectionPool(host='auth.apis.classlink.com', port=443): Max retries exceeded with url: /v1/login/v3.0/authenticate (Caused by NameResolutionError("<urllib3.connection.HTTPSConnection object at 0x000001C4B923DD60>: Failed to resolve 'auth.apis.classlink.com' ([Errno 11001] getaddrinfo failed)"))
2025-11-13 18:53:28,205 - ERROR - Error getting token for s111307: HTTPSConnectionPool(host='auth.apis.classlink.com', port=443): Max retries exceeded with url: /v1/login/v3.0/authenticate (Caused by NameResolutionError("<urllib3.connection.HTTPSConnection object at 0x000001C4B923DDF0>: Failed to resolve 'auth.apis.classlink.com' ([Errno 11001] getaddrinfo failed)"))
2025-11-13 18:53:28,205 - ERROR - Error getting token for s119307: HTTPSConnectionPool(host='auth.apis.classlink.com', port=443): Max retries exceeded with url: /v1/login/v3.0/authenticate (Caused by NameResolutionError("<urllib3.connection.HTTPSConnection object at 0x000001C4B923E660>: Failed to resolve 'auth.apis.classlink.com' ([Errno 11001] getaddrinfo failed)"))
2025-11-13 18:53:28,205 - ERROR - Error getting token for s105307: HTTPSConnectionPool(host='auth.apis.classlink.com', port=443): Max retries exceeded with url: /v1/login/v3.0/authenticate (Caused by NameResolutionError("<urllib3.connection.HTTPSConnection object at 0x000001C4B923E8A0>: Failed to resolve 'auth.apis.classlink.com' ([Errno 11001] getaddrinfo failed)"))
2025-11-13 18:53:28,205 - ERROR - Error getting token for s64307: HTTPSConnectionPool(host='auth.apis.classlink.com', port=443): Max retries exceeded with url: /v1/login/v3.0/authenticate (Caused by NameResolutionError("<urllib3.connection.HTTPSConnection object at 0x000001C4B923F5F0>: Failed to resolve 'auth.apis.classlink.com' ([Errno 11001] getaddrinfo failed)"))
2025-11-13 18:53:28,205 - ERROR - Error getting token for s65567: HTTPSConnectionPool(host='auth.apis.classlink.com', port=443): Max retries exceeded with url: /v1/login/v3.0/authenticate (Caused by NameResolutionError("<urllib3.connection.HTTPSConnection object at 0x000001C4B923F7A0>: Failed to resolve 'auth.apis.classlink.com' ([Errno 11001] getaddrinfo failed)"))
2025-11-13 18:53:28,205 - ERROR - Error getting token for s105567: HTTPSConnectionPool(host='auth.apis.classlink.com', port=443): Max retries exceeded with url: /v1/login/v3.0/authenticate (Caused by NameResolutionError("<urllib3.connection.HTTPSConnection object at 0x000001C4B9268200>: Failed to resolve 'auth.apis.classlink.com' ([Errno 11001] getaddrinfo failed)"))
2025-11-13 18:53:28,209 - WARNING - Worker 24: Failed to get account claiming token for s106307
2025-11-13 18:53:28,205 - ERROR - Error getting token for s115567: HTTPSConnectionPool(host='auth.apis.classlink.com', port=443): Max retries exceeded with url: /v1/login/v3.0/authenticate (Caused by NameResolutionError("<urllib3.connection.HTTPSConnection object at 0x000001C4B9268AA0>: Failed to resolve 'auth.apis.classlink.com' ([Errno 11001] getaddrinfo failed)"))
2025-11-13 18:53:28,205 - ERROR - Error getting token for s113567: HTTPSConnectionPool(host='auth.apis.classlink.com', port=443): Max retries exceeded with url: /v1/login/v3.0/authenticate (Caused by NameResolutionError("<urllib3.connection.HTTPSConnection object at 0x000001C4B9268CE0>: Failed to resolve 'auth.apis.classlink.com' ([Errno 11001] getaddrinfo failed)"))
2025-11-13 18:53:28,205 - ERROR - Error getting token for s113307: HTTPSConnectionPool(host='auth.apis.classlink.com', port=443): Max retries exceeded with url: /v1/login/v3.0/authenticate (Caused by NameResolutionError("<urllib3.connection.HTTPSConnection object at 0x000001C4B9268F20>: Failed to resolve 'auth.apis.classlink.com' ([Errno 11001] getaddrinfo failed)"))
2025-11-13 18:53:28,205 - ERROR - Error getting token for s84567: HTTPSConnectionPool(host='auth.apis.classlink.com', port=443): Max retries exceeded with url: /v1/login/v3.0/authenticate (Caused by NameResolutionError("<urllib3.connection.HTTPSConnection object at 0x000001C4B9269190>: Failed to resolve 'auth.apis.classlink.com' ([Errno 11001] getaddrinfo failed)"))
2025-11-13 18:53:28,205 - ERROR - Error getting token for s89307: HTTPSConnectionPool(host='auth.apis.classlink.com', port=443): Max retries exceeded with url: /v1/login/v3.0/authenticate (Caused by NameResolutionError("<urllib3.connection.HTTPSConnection object at 0x000001C4B9269400>: Failed to resolve 'auth.apis.classlink.com' ([Errno 11001] getaddrinfo failed)"))
2025-11-13 18:53:28,205 - ERROR - Error getting token for s98567: HTTPSConnectionPool(host='auth.apis.classlink.com', port=443): Max retries exceeded with url: /v1/login/v3.0/authenticate (Caused by NameResolutionError("<urllib3.connection.HTTPSConnection object at 0x000001C4B9269670>: Failed to resolve 'auth.apis.classlink.com' ([Errno 11001] getaddrinfo failed)"))
2025-11-13 18:53:28,205 - ERROR - Error getting token for s110567: HTTPSConnectionPool(host='auth.apis.classlink.com', port=443): Max retries exceeded with url: /v1/login/v3.0/authenticate (Caused by NameResolutionError("<urllib3.connection.HTTPSConnection object at 0x000001C4B9269D00>: Failed to resolve 'auth.apis.classlink.com' ([Errno 11001] getaddrinfo failed)"))
2025-11-13 18:53:28,205 - ERROR - Error getting token for s118307: HTTPSConnectionPool(host='auth.apis.classlink.com', port=443): Max retries exceeded with url: /v1/login/v3.0/authenticate (Caused by NameResolutionError("<urllib3.connection.HTTPSConnection object at 0x000001C4B9269F70>: Failed to resolve 'auth.apis.classlink.com' ([Errno 11001] getaddrinfo failed)"))
2025-11-13 18:53:28,205 - ERROR - Error getting token for s85307: HTTPSConnectionPool(host='auth.apis.classlink.com', port=443): Max retries exceeded with url: /v1/login/v3.0/authenticate (Caused by NameResolutionError("<urllib3.connection.HTTPSConnection object at 0x000001C4B926A1E0>: Failed to resolve 'auth.apis.classlink.com' ([Errno 11001] getaddrinfo failed)"))
2025-11-13 18:53:28,205 - WARNING - Worker 2: Failed to get account claiming token for s76567
2025-11-13 18:53:28,205 - WARNING - Worker 0: Failed to get account claiming token for s115307
2025-11-13 18:53:28,206 - WARNING - Worker 1: Failed to get account claiming token for s85567
2025-11-13 18:53:28,206 - WARNING - Worker 3: Failed to get account claiming token for s75567
2025-11-13 18:53:28,206 - WARNING - Worker 5: Failed to get account claiming token for s111567
2025-11-13 18:53:28,206 - WARNING - Worker 4: Failed to get account claiming token for s104307
2025-11-13 18:53:28,202 - ERROR - Error getting token for s119567: HTTPSConnectionPool(host='auth.apis.classlink.com', port=443): Max retries exceeded with url: /v1/login/v3.0/authenticate (Caused by NameResolutionError("<urllib3.connection.HTTPSConnection object at 0x000001C4B91E1640>: Failed to resolve 'auth.apis.classlink.com' ([Errno 11001] getaddrinfo failed)"))
2025-11-13 18:53:28,206 - WARNING - Worker 9: Failed to get account claiming token for s77307
2025-11-13 18:53:28,206 - WARNING - Worker 7: Failed to get account claiming token for s103567
2025-11-13 18:53:28,206 - WARNING - Worker 8: Failed to get account claiming token for s70307
2025-11-13 18:53:28,207 - INFO - [STATS] Processed: 0 | Success: 0 | Rate: 0.0/sec | Elapsed: 0.2m
2025-11-13 18:53:28,207 - WARNING - Worker 10: Failed to get account claiming token for s64567
2025-11-13 18:53:28,207 - WARNING - Worker 14: Failed to get account claiming token for s96307
2025-11-13 18:53:28,207 - WARNING - Worker 13: Failed to get account claiming token for s63307
2025-11-13 18:53:28,207 - WARNING - Worker 12: Failed to get account claiming token for s112567
2025-11-13 18:53:28,207 - WARNING - Worker 15: Failed to get account claiming token for s59307
2025-11-13 18:53:28,207 - WARNING - Worker 20: Failed to get account claiming token for s117307
2025-11-13 18:53:28,207 - WARNING - Worker 18: Failed to get account claiming token for s101567
2025-11-13 18:53:28,207 - WARNING - Worker 17: Failed to get account claiming token for s71567
2025-11-13 18:53:28,207 - WARNING - Worker 16: Failed to get account claiming token for s100567
2025-11-13 18:53:28,207 - WARNING - Worker 19: Failed to get account claiming token for s84307
2025-11-13 18:53:28,207 - WARNING - Worker 21: Failed to get account claiming token for s94307
2025-11-13 18:53:28,207 - WARNING - Worker 23: Failed to get account claiming token for s66567
2025-11-13 18:53:28,207 - WARNING - Worker 22: Failed to get account claiming token for s104567
2025-11-13 18:53:28,205 - ERROR - Error getting token for s103307: HTTPSConnectionPool(host='auth.apis.classlink.com', port=443): Max retries exceeded with url: /v1/login/v3.0/authenticate (Caused by NameResolutionError("<urllib3.connection.HTTPSConnection object at 0x000001C4B9268710>: Failed to resolve 'auth.apis.classlink.com' ([Errno 11001] getaddrinfo failed)"))
2025-11-13 18:53:28,209 - WARNING - Worker 27: Failed to get account claiming token for s108567
2025-11-13 18:53:28,209 - WARNING - Worker 29: Failed to get account claiming token for s58567
2025-11-13 18:53:28,209 - WARNING - Worker 26: Failed to get account claiming token for s66307
2025-11-13 18:53:28,209 - WARNING - Worker 30: Failed to get account claiming token for s87307
2025-11-13 18:53:28,209 - WARNING - Worker 31: Failed to get account claiming token for s102567
2025-11-13 18:53:28,209 - WARNING - Worker 32: Failed to get account claiming token for s57567
2025-11-13 18:53:28,209 - WARNING - Worker 28: Failed to get account claiming token for s93307
2025-11-13 18:53:28,209 - WARNING - Worker 34: Failed to get account claiming token for s58307
2025-11-13 18:53:28,209 - WARNING - Worker 33: Failed to get account claiming token for s112307
2025-11-13 18:53:28,209 - WARNING - Worker 36: Failed to get account claiming token for s118567
2025-11-13 18:53:28,209 - WARNING - Worker 35: Failed to get account claiming token for s101307
2025-11-13 18:53:28,210 - WARNING - Worker 37: Failed to get account claiming token for s111307
2025-11-13 18:53:28,210 - WARNING - Worker 38: Failed to get account claiming token for s119307
2025-11-13 18:53:28,210 - WARNING - Worker 39: Failed to get account claiming token for s105307
2025-11-13 18:53:28,210 - WARNING - Worker 40: Failed to get account claiming token for s64307
2025-11-13 18:53:28,210 - WARNING - Worker 41: Failed to get account claiming token for s65567
2025-11-13 18:53:28,210 - WARNING - Worker 45: Failed to get account claiming token for s105567
2025-11-13 18:53:28,210 - WARNING - Worker 25: Failed to get account claiming token for s108307
2025-11-13 18:53:28,210 - WARNING - Worker 43: Failed to get account claiming token for s115567
2025-11-13 18:53:28,210 - WARNING - Worker 44: Failed to get account claiming token for s113567
2025-11-13 18:53:28,210 - WARNING - Worker 49: Failed to get account claiming token for s113307
2025-11-13 18:53:28,210 - WARNING - Worker 47: Failed to get account claiming token for s84567
2025-11-13 18:53:28,210 - WARNING - Worker 48: Failed to get account claiming token for s89307
2025-11-13 18:53:28,212 - WARNING - Worker 46: Failed to get account claiming token for s98567
2025-11-13 18:53:28,212 - WARNING - Worker 50: Failed to get account claiming token for s110567
2025-11-13 18:53:28,212 - WARNING - Worker 52: Failed to get account claiming token for s118307
2025-11-13 18:53:28,212 - WARNING - Worker 51: Failed to get account claiming token for s85307
2025-11-13 18:53:28,212 - WARNING - Worker 6: Failed to get account claiming token for s119567
2025-11-13 18:53:28,212 - WARNING - Worker 42: Failed to get account claiming token for s103307
2025-11-13 19:05:11,342 - INFO - Loaded 23556 student IDs
2025-11-13 19:05:11,342 - INFO - Worker 0: Processing Row 2: Jiajun Zu
2025-11-13 19:05:11,898 - WARNING - Failed to get token for s57307: Status 401
2025-11-13 19:05:11,898 - WARNING - Row 2: Failed to get token for s57307
2025-11-13 19:05:12,025 - WARNING - Failed to get token for s58307: Status 401
2025-11-13 19:05:12,025 - WARNING - Row 2: Failed to get token for s58307
2025-11-13 19:05:12,148 - WARNING - Failed to get token for s59307: Status 401
2025-11-13 19:05:12,148 - WARNING - Row 2: Failed to get token for s59307
2025-11-13 19:05:12,270 - WARNING - Failed to get token for s63307: Status 401
2025-11-13 19:05:12,270 - WARNING - Row 2: Failed to get token for s63307
2025-11-13 19:05:12,392 - WARNING - Failed to get token for s64307: Status 401
2025-11-13 19:05:12,392 - WARNING - Row 2: Failed to get token for s64307
2025-11-13 19:05:12,511 - WARNING - Failed to get token for s66307: Status 401
2025-11-13 19:05:12,511 - WARNING - Row 2: Failed to get token for s66307
2025-11-13 19:05:12,645 - WARNING - Failed to get token for s70307: Status 401
2025-11-13 19:05:12,645 - WARNING - Row 2: Failed to get token for s70307
2025-11-13 19:05:12,772 - WARNING - Failed to get token for s77307: Status 401
2025-11-13 19:05:12,773 - WARNING - Row 2: Failed to get token for s77307
2025-11-13 19:05:12,899 - WARNING - Failed to get token for s84307: Status 401
2025-11-13 19:05:12,899 - WARNING - Row 2: Failed to get token for s84307
2025-11-13 19:05:13,022 - WARNING - Failed to get token for s85307: Status 401
2025-11-13 19:05:13,023 - WARNING - Row 2: Failed to get token for s85307
2025-11-13 19:05:13,141 - WARNING - Failed to get token for s87307: Status 401
2025-11-13 19:05:13,142 - WARNING - Row 2: Failed to get token for s87307
2025-11-13 19:05:13,263 - WARNING - Failed to get token for s89307: Status 401
2025-11-13 19:05:13,263 - WARNING - Row 2: Failed to get token for s89307
2025-11-13 19:05:13,384 - WARNING - Failed to get token for s93307: Status 401
2025-11-13 19:05:13,384 - WARNING - Row 2: Failed to get token for s93307
2025-11-13 19:05:13,509 - WARNING - Failed to get token for s94307: Status 401
2025-11-13 19:05:13,509 - WARNING - Row 2: Failed to get token for s94307
2025-11-13 19:05:13,633 - WARNING - Failed to get token for s96307: Status 401
2025-11-13 19:05:13,633 - WARNING - Row 2: Failed to get token for s96307
2025-11-13 19:05:13,752 - WARNING - Failed to get token for s101307: Status 401
2025-11-13 19:05:13,752 - WARNING - Row 2: Failed to get token for s101307
2025-11-13 19:05:13,875 - WARNING - Failed to get token for s103307: Status 401
2025-11-13 19:05:13,875 - WARNING - Row 2: Failed to get token for s103307
2025-11-13 19:05:14,001 - WARNING - Failed to get token for s104307: Status 401
2025-11-13 19:05:14,001 - WARNING - Row 2: Failed to get token for s104307
2025-11-13 19:05:14,118 - WARNING - Failed to get token for s105307: Status 401
2025-11-13 19:05:14,118 - WARNING - Row 2: Failed to get token for s105307
2025-11-13 19:05:14,247 - WARNING - Failed to get token for s106307: Status 401
2025-11-13 19:05:14,247 - WARNING - Row 2: Failed to get token for s106307
2025-11-13 19:05:14,369 - WARNING - Failed to get token for s108307: Status 401
2025-11-13 19:05:14,369 - WARNING - Row 2: Failed to get token for s108307
2025-11-13 19:05:14,486 - WARNING - Failed to get token for s111307: Status 401
2025-11-13 19:05:14,486 - WARNING - Row 2: Failed to get token for s111307
2025-11-13 19:05:14,608 - WARNING - Failed to get token for s112307: Status 401
2025-11-13 19:05:14,608 - WARNING - Row 2: Failed to get token for s112307
2025-11-13 19:14:41,314 - INFO - Loaded 23556 student IDs
2025-11-13 19:14:41,314 - INFO - Worker 0: Processing Row 2: Jiajun Zu
2025-11-13 19:14:41,910 - WARNING - Failed to get token for s57307: Status 401
2025-11-13 19:14:41,910 - WARNING - Row 2: Failed to get token for s57307
2025-11-13 19:14:42,031 - WARNING - Failed to get token for s58307: Status 401
2025-11-13 19:14:42,031 - WARNING - Row 2: Failed to get token for s58307
2025-11-13 19:14:42,153 - WARNING - Failed to get token for s59307: Status 401
2025-11-13 19:14:42,153 - WARNING - Row 2: Failed to get token for s59307
2025-11-13 19:14:42,274 - WARNING - Failed to get token for s63307: Status 401
2025-11-13 19:14:42,275 - WARNING - Row 2: Failed to get token for s63307
2025-11-13 19:14:42,395 - WARNING - Failed to get token for s64307: Status 401
2025-11-13 19:14:42,395 - WARNING - Row 2: Failed to get token for s64307
2025-11-13 19:14:42,519 - WARNING - Failed to get token for s66307: Status 401
2025-11-13 19:14:42,520 - WARNING - Row 2: Failed to get token for s66307
2025-11-13 19:14:42,651 - WARNING - Failed to get token for s70307: Status 401
2025-11-13 19:14:42,651 - WARNING - Row 2: Failed to get token for s70307
2025-11-13 19:14:42,774 - WARNING - Failed to get token for s77307: Status 401
2025-11-13 19:14:42,774 - WARNING - Row 2: Failed to get token for s77307
2025-11-13 19:14:42,899 - WARNING - Failed to get token for s84307: Status 401
2025-11-13 19:14:42,899 - WARNING - Row 2: Failed to get token for s84307
2025-11-13 19:14:43,023 - WARNING - Failed to get token for s85307: Status 401
2025-11-13 19:14:43,023 - WARNING - Row 2: Failed to get token for s85307
2025-11-13 19:14:43,144 - WARNING - Failed to get token for s87307: Status 401
2025-11-13 19:14:43,144 - WARNING - Row 2: Failed to get token for s87307
2025-11-13 19:14:43,270 - WARNING - Failed to get token for s89307: Status 401
2025-11-13 19:14:43,270 - WARNING - Row 2: Failed to get token for s89307
2025-11-13 19:14:43,393 - WARNING - Failed to get token for s93307: Status 401
2025-11-13 19:14:43,393 - WARNING - Row 2: Failed to get token for s93307
2025-11-13 19:14:43,512 - WARNING - Failed to get token for s94307: Status 401
2025-11-13 19:14:43,512 - WARNING - Row 2: Failed to get token for s94307
2025-11-13 19:14:43,630 - WARNING - Failed to get token for s96307: Status 401
2025-11-13 19:14:43,630 - WARNING - Row 2: Failed to get token for s96307
2025-11-13 19:14:43,751 - WARNING - Failed to get token for s101307: Status 401
2025-11-13 19:14:43,751 - WARNING - Row 2: Failed to get token for s101307
2025-11-13 19:14:43,878 - WARNING - Failed to get token for s103307: Status 401
2025-11-13 19:14:43,878 - WARNING - Row 2: Failed to get token for s103307
2025-11-13 19:14:44,001 - WARNING - Failed to get token for s104307: Status 401
2025-11-13 19:14:44,001 - WARNING - Row 2: Failed to get token for s104307
2025-11-13 19:19:06,314 - INFO - Loaded 23556 student IDs
2025-11-13 19:19:06,315 - INFO - Worker 0: Processing Row 2: Jiajun Zu
2025-11-13 19:19:06,877 - WARNING - Student ID s57307 is invalid (401)
2025-11-13 19:19:06,878 - WARNING - Row 2: Failed to get token for s57307
2025-11-13 19:19:07,007 - WARNING - Student ID s58307 is invalid (401)
2025-11-13 19:19:07,007 - WARNING - Row 2: Failed to get token for s58307
2025-11-13 19:19:07,139 - WARNING - Student ID s59307 is invalid (401)
2025-11-13 19:19:07,139 - WARNING - Row 2: Failed to get token for s59307
2025-11-13 19:19:07,261 - WARNING - Student ID s63307 is invalid (401)
2025-11-13 19:19:07,262 - WARNING - Row 2: Failed to get token for s63307
2025-11-13 19:19:07,383 - WARNING - Student ID s64307 is invalid (401)
2025-11-13 19:19:07,383 - WARNING - Row 2: Failed to get token for s64307
2025-11-13 19:19:07,504 - WARNING - Student ID s66307 is invalid (401)
2025-11-13 19:19:07,505 - WARNING - Row 2: Failed to get token for s66307
2025-11-13 19:19:07,632 - WARNING - Student ID s70307 is invalid (401)
2025-11-13 19:19:07,632 - WARNING - Row 2: Failed to get token for s70307
2025-11-13 19:19:07,753 - WARNING - Student ID s77307 is invalid (401)
2025-11-13 19:19:07,753 - WARNING - Row 2: Failed to get token for s77307
2025-11-13 19:19:07,873 - WARNING - Student ID s84307 is invalid (401)
2025-11-13 19:19:07,873 - WARNING - Row 2: Failed to get token for s84307
2025-11-13 19:19:07,994 - WARNING - Student ID s85307 is invalid (401)
2025-11-13 19:19:07,994 - WARNING - Row 2: Failed to get token for s85307
2025-11-13 19:19:08,118 - WARNING - Student ID s87307 is invalid (401)
2025-11-13 19:19:08,118 - WARNING - Row 2: Failed to get token for s87307
2025-11-13 19:19:08,238 - WARNING - Student ID s89307 is invalid (401)
2025-11-13 19:19:08,238 - WARNING - Row 2: Failed to get token for s89307
2025-11-13 19:19:08,358 - WARNING - Student ID s93307 is invalid (401)
2025-11-13 19:19:08,358 - WARNING - Row 2: Failed to get token for s93307
2025-11-13 19:19:08,481 - WARNING - Student ID s94307 is invalid (401)
2025-11-13 19:19:08,481 - WARNING - Row 2: Failed to get token for s94307
2025-11-13 19:19:08,602 - WARNING - Student ID s96307 is invalid (401)
2025-11-13 19:19:08,602 - WARNING - Row 2: Failed to get token for s96307
2025-11-13 19:19:08,724 - WARNING - Student ID s101307 is invalid (401)
2025-11-13 19:19:08,724 - WARNING - Row 2: Failed to get token for s101307
2025-11-13 19:26:37,094 - INFO - Loaded 23556 student IDs
2025-11-13 19:26:37,094 - INFO - Worker 0: Processing Row 2: Jiajun Zu
2025-11-13 19:26:37,663 - WARNING - Student ID s57307 is invalid (401)
2025-11-13 19:26:37,664 - WARNING - Row 2: Failed to get token for s57307
2025-11-13 19:26:37,786 - WARNING - Student ID s58307 is invalid (401)
2025-11-13 19:26:37,786 - WARNING - Row 2: Failed to get token for s58307
2025-11-13 19:26:37,911 - WARNING - Student ID s59307 is invalid (401)
2025-11-13 19:26:37,911 - WARNING - Row 2: Failed to get token for s59307
2025-11-13 19:26:38,034 - WARNING - Student ID s63307 is invalid (401)
2025-11-13 19:26:38,034 - WARNING - Row 2: Failed to get token for s63307
2025-11-13 19:26:38,163 - WARNING - Student ID s64307 is invalid (401)
2025-11-13 19:26:38,163 - WARNING - Row 2: Failed to get token for s64307
2025-11-13 19:26:38,285 - WARNING - Student ID s66307 is invalid (401)
2025-11-13 19:26:38,286 - WARNING - Row 2: Failed to get token for s66307
2025-11-13 19:26:38,414 - WARNING - Student ID s70307 is invalid (401)
2025-11-13 19:26:38,414 - WARNING - Row 2: Failed to get token for s70307
2025-11-13 19:26:38,538 - WARNING - Student ID s77307 is invalid (401)
2025-11-13 19:26:38,539 - WARNING - Row 2: Failed to get token for s77307
2025-11-13 19:26:38,666 - WARNING - Student ID s84307 is invalid (401)
2025-11-13 19:26:38,666 - WARNING - Row 2: Failed to get token for s84307
2025-11-13 19:26:38,797 - WARNING - Student ID s85307 is invalid (401)
2025-11-13 19:26:38,798 - WARNING - Row 2: Failed to get token for s85307
2025-11-13 19:26:38,920 - WARNING - Student ID s87307 is invalid (401)
2025-11-13 19:26:38,920 - WARNING - Row 2: Failed to get token for s87307
2025-11-13 19:26:39,042 - WARNING - Student ID s89307 is invalid (401)
2025-11-13 19:26:39,043 - WARNING - Row 2: Failed to get token for s89307
2025-11-13 19:26:39,169 - WARNING - Student ID s93307 is invalid (401)
2025-11-13 19:26:39,169 - WARNING - Row 2: Failed to get token for s93307
2025-11-13 19:26:39,290 - WARNING - Student ID s94307 is invalid (401)
2025-11-13 19:26:39,291 - WARNING - Row 2: Failed to get token for s94307
2025-11-13 19:26:39,432 - WARNING - Student ID s96307 is invalid (401)
2025-11-13 19:26:39,433 - WARNING - Row 2: Failed to get token for s96307
2025-11-13 19:26:39,560 - WARNING - Student ID s101307 is invalid (401)
2025-11-13 19:26:39,560 - WARNING - Row 2: Failed to get token for s101307
2025-11-13 19:26:39,684 - WARNING - Student ID s103307 is invalid (401)
2025-11-13 19:26:39,684 - WARNING - Row 2: Failed to get token for s103307
2025-11-13 19:26:39,801 - WARNING - Student ID s104307 is invalid (401)
2025-11-13 19:26:39,801 - WARNING - Row 2: Failed to get token for s104307
2025-11-13 19:26:39,923 - WARNING - Student ID s105307 is invalid (401)
2025-11-13 19:26:39,923 - WARNING - Row 2: Failed to get token for s105307
2025-11-13 19:26:40,045 - WARNING - Student ID s106307 is invalid (401)
2025-11-13 19:26:40,045 - WARNING - Row 2: Failed to get token for s106307
2025-11-13 19:26:40,172 - WARNING - Student ID s108307 is invalid (401)
2025-11-13 19:26:40,172 - WARNING - Row 2: Failed to get token for s108307
2025-11-13 19:31:22,428 - INFO - Loaded 23556 student IDs
2025-11-13 19:31:22,429 - INFO - Worker 0: Processing Row 2: Jiajun Zu
2025-11-13 19:55:04,939 - INFO - Loaded 23556 student IDs
2025-11-13 19:55:04,939 - INFO - Worker 0: Processing Row 2: Jiajun Zu
2025-11-13 19:57:22,855 - INFO - Loaded 23556 student IDs
2025-11-13 19:57:22,855 - INFO - Worker 0: Processing Row 2: Jiajun Zu
2025-11-13 20:01:34,877 - INFO - Loaded 23556 student IDs
2025-11-13 20:01:34,877 - INFO - Worker 0: Processing Row 2: Jiajun Zu
